TN:
SF:src/FirestoreDataConverter.ts
FN:10,(anonymous_0)
FN:11,(anonymous_1)
FN:12,(anonymous_2)
FN:16,(anonymous_3)
FN:18,(anonymous_4)
FN:30,(anonymous_5)
FN:31,(anonymous_6)
FN:36,(anonymous_7)
FNF:8
FNH:1
FNDA:5,(anonymous_0)
FNDA:0,(anonymous_1)
FNDA:0,(anonymous_2)
FNDA:0,(anonymous_3)
FNDA:0,(anonymous_4)
FNDA:0,(anonymous_5)
FNDA:0,(anonymous_6)
FNDA:0,(anonymous_7)
DA:1,1
DA:10,5
DA:12,0
DA:13,0
DA:14,0
DA:15,0
DA:16,0
DA:17,0
DA:18,0
DA:19,0
DA:20,0
DA:21,0
DA:24,0
DA:27,0
DA:31,0
DA:32,0
DA:33,0
DA:34,0
DA:35,0
DA:36,0
DA:37,0
DA:38,0
DA:41,0
DA:44,0
DA:45,0
DA:49,1
LF:26
LH:3
BRDA:13,0,0,0
BRDA:13,1,0,0
BRDA:13,1,1,0
BRDA:14,2,0,0
BRDA:15,3,0,0
BRDA:16,4,0,0
BRDA:17,5,0,0
BRDA:20,6,0,0
BRDA:27,7,0,0
BRDA:27,7,1,0
BRDA:32,8,0,0
BRDA:32,9,0,0
BRDA:32,9,1,0
BRDA:33,10,0,0
BRDA:34,11,0,0
BRDA:35,12,0,0
BRF:16
BRH:0
end_of_record
TN:
SF:src/RequestLimiter.ts
FN:14,(anonymous_0)
FN:20,(anonymous_1)
FN:28,(anonymous_2)
FN:40,(anonymous_3)
FN:48,(anonymous_4)
FN:56,(anonymous_5)
FN:64,(anonymous_6)
FNF:7
FNH:5
FNDA:1,(anonymous_0)
FNDA:1,(anonymous_1)
FNDA:8,(anonymous_2)
FNDA:36,(anonymous_3)
FNDA:0,(anonymous_4)
FNDA:8,(anonymous_5)
FNDA:0,(anonymous_6)
DA:5,1
DA:6,1
DA:7,1
DA:8,1
DA:9,1
DA:10,1
DA:11,1
DA:12,1
DA:15,1
DA:16,1
DA:19,1
DA:20,1
DA:23,1
DA:24,0
DA:29,8
DA:30,8
DA:31,1
DA:34,8
DA:35,8
DA:38,8
DA:40,36
DA:43,8
DA:44,0
DA:49,0
DA:57,8
DA:65,0
DA:73,1
LF:27
LH:23
BRDA:23,0,0,0
BRDA:30,1,0,1
BRDA:43,2,0,0
BRF:3
BRH:1
end_of_record
TN:
SF:src/firestoreService.ts
FN:91,(anonymous_1)
FN:106,(anonymous_2)
FN:127,(anonymous_3)
FN:141,(anonymous_4)
FN:149,(anonymous_5)
FN:158,(anonymous_6)
FN:164,(anonymous_7)
FN:170,(anonymous_8)
FN:176,(anonymous_9)
FN:185,(anonymous_10)
FN:193,(anonymous_11)
FN:202,(anonymous_12)
FN:207,(anonymous_13)
FN:211,(anonymous_14)
FN:215,(anonymous_15)
FN:220,(anonymous_16)
FN:226,(anonymous_17)
FN:233,(anonymous_18)
FN:234,(anonymous_19)
FN:241,(anonymous_20)
FN:250,(anonymous_21)
FN:251,(anonymous_22)
FN:261,(anonymous_23)
FN:271,(anonymous_24)
FN:320,(anonymous_25)
FN:329,(anonymous_26)
FN:336,(anonymous_27)
FN:353,(anonymous_28)
FN:356,(anonymous_29)
FN:360,(anonymous_30)
FN:364,(anonymous_31)
FN:371,(anonymous_32)
FN:379,(anonymous_33)
FN:392,(anonymous_34)
FN:407,(anonymous_35)
FN:412,(anonymous_36)
FN:414,(anonymous_37)
FNF:37
FNH:6
FNDA:5,(anonymous_1)
FNDA:0,(anonymous_2)
FNDA:9,(anonymous_3)
FNDA:9,(anonymous_4)
FNDA:0,(anonymous_5)
FNDA:0,(anonymous_6)
FNDA:9,(anonymous_7)
FNDA:0,(anonymous_8)
FNDA:1,(anonymous_9)
FNDA:0,(anonymous_10)
FNDA:0,(anonymous_11)
FNDA:0,(anonymous_12)
FNDA:0,(anonymous_13)
FNDA:0,(anonymous_14)
FNDA:0,(anonymous_15)
FNDA:0,(anonymous_16)
FNDA:0,(anonymous_17)
FNDA:0,(anonymous_18)
FNDA:0,(anonymous_19)
FNDA:0,(anonymous_20)
FNDA:0,(anonymous_21)
FNDA:0,(anonymous_22)
FNDA:8,(anonymous_23)
FNDA:0,(anonymous_24)
FNDA:0,(anonymous_25)
FNDA:0,(anonymous_26)
FNDA:0,(anonymous_27)
FNDA:0,(anonymous_28)
FNDA:0,(anonymous_29)
FNDA:0,(anonymous_30)
FNDA:0,(anonymous_31)
FNDA:0,(anonymous_32)
FNDA:0,(anonymous_33)
FNDA:0,(anonymous_34)
FNDA:0,(anonymous_35)
FNDA:0,(anonymous_36)
FNDA:0,(anonymous_37)
DA:35,1
DA:63,1
DA:65,1
DA:85,1
DA:87,1
DA:89,1
DA:92,5
DA:93,0
DA:95,5
DA:96,0
DA:98,5
DA:99,5
DA:100,0
DA:107,0
DA:108,0
DA:110,0
DA:111,0
DA:113,0
DA:114,0
DA:115,0
DA:128,9
DA:134,2
DA:136,7
DA:137,7
DA:138,7
DA:142,9
DA:143,4
DA:150,0
DA:155,0
DA:159,0
DA:160,0
DA:161,0
DA:165,9
DA:166,5
DA:167,5
DA:171,0
DA:172,0
DA:173,0
DA:180,1
DA:181,1
DA:182,0
DA:189,0
DA:190,0
DA:198,0
DA:199,0
DA:203,0
DA:204,0
DA:208,0
DA:209,0
DA:210,0
DA:211,0
DA:212,0
DA:219,0
DA:220,0
DA:221,0
DA:223,0
DA:230,0
DA:231,0
DA:234,0
DA:235,0
DA:238,0
DA:246,0
DA:248,0
DA:251,0
DA:252,0
DA:254,0
DA:258,0
DA:265,8
DA:266,8
DA:271,5
DA:325,0
DA:328,0
DA:329,0
DA:330,0
DA:335,0
DA:336,0
DA:337,0
DA:342,0
DA:343,0
DA:347,0
DA:351,0
DA:353,0
DA:357,0
DA:361,0
DA:365,0
DA:372,0
DA:373,0
DA:384,0
DA:385,0
DA:398,0
DA:401,0
DA:408,0
DA:409,0
DA:413,0
DA:414,0
DA:419,1
LF:96
LH:26
BRDA:92,0,0,0
BRDA:95,1,0,0
BRDA:95,2,0,5
BRDA:95,2,1,5
BRDA:99,3,0,0
BRDA:107,4,0,0
BRDA:110,5,0,0
BRDA:110,6,0,0
BRDA:110,6,1,0
BRDA:114,7,0,0
BRDA:128,8,0,2
BRDA:129,9,0,9
BRDA:129,9,1,8
BRDA:129,9,2,8
BRDA:129,9,3,7
BRDA:142,10,0,4
BRDA:173,11,0,0
BRDA:173,11,1,0
BRDA:196,12,0,0
BRDA:221,13,0,0
BRDA:221,13,1,0
BRDA:267,14,0,0
BRDA:267,14,1,8
BRDA:328,15,0,0
BRDA:328,16,0,0
BRDA:328,16,1,0
BRDA:328,17,0,0
BRDA:328,17,1,0
BRDA:335,18,0,0
BRDA:335,19,0,0
BRDA:335,19,1,0
BRDA:335,20,0,0
BRDA:335,20,1,0
BRDA:337,21,0,0
BRDA:337,21,1,0
BRDA:342,22,0,0
BRDA:342,23,0,0
BRDA:342,23,1,0
BRDA:342,24,0,0
BRDA:342,24,1,0
BRDA:347,25,0,0
BRDA:347,25,1,0
BRDA:396,26,0,0
BRF:43
BRH:9
end_of_record
